This is pdfTeX, Version 3.1415926-2.5-1.40.14 (MiKTeX 2.9) (preloaded format=pdflatex 2015.2.20)  1 OCT 2015 14:22
entering extended mode
**MCS-MASTER.tex
(C:\Users\kevin.obrien\Documents\GitHub\MCS-MASTER\MCS-MASTER.tex
LaTeX2e <2011/06/27>
Babel <v3.8m> and hyphenation patterns for english, afrikaans, ancientgreek, ar
abic, armenian, assamese, basque, bengali, bokmal, bulgarian, catalan, coptic, 
croatian, czech, danish, dutch, esperanto, estonian, farsi, finnish, french, ga
lician, german, german-x-2013-05-26, greek, gujarati, hindi, hungarian, iceland
ic, indonesian, interlingua, irish, italian, kannada, kurmanji, latin, latvian,
 lithuanian, malayalam, marathi, mongolian, mongolianlmc, monogreek, ngerman, n
german-x-2013-05-26, nynorsk, oriya, panjabi, pinyin, polish, portuguese, roman
ian, russian, sanskrit, serbian, slovak, slovenian, spanish, swedish, swissgerm
an, tamil, telugu, turkish, turkmen, ukenglish, ukrainian, uppersorbian, usengl
ishmax, welsh, loaded.
("C:\Program Files (x86)\MiKTeX 2.9\tex\latex\base\report.cls"
Document Class: report 2007/10/19 v1.4h Standard LaTeX document class
("C:\Program Files (x86)\MiKTeX 2.9\tex\latex\base\size12.clo"
File: size12.clo 2007/10/19 v1.4h Standard LaTeX file (size option)
)
\c@part=\count79
\c@chapter=\count80
\c@section=\count81
\c@subsection=\count82
\c@subsubsection=\count83
\c@paragraph=\count84
\c@subparagraph=\count85
\c@figure=\count86
\c@table=\count87
\abovecaptionskip=\skip41
\belowcaptionskip=\skip42
\bibindent=\dimen102
)
("C:\Program Files (x86)\MiKTeX 2.9\tex\latex\graphics\epsfig.sty"
Package: epsfig 1999/02/16 v1.7a (e)psfig emulation (SPQR)

("C:\Program Files (x86)\MiKTeX 2.9\tex\latex\graphics\graphicx.sty"
Package: graphicx 1999/02/16 v1.0f Enhanced LaTeX Graphics (DPC,SPQR)

("C:\Program Files (x86)\MiKTeX 2.9\tex\latex\graphics\keyval.sty"
Package: keyval 1999/03/16 v1.13 key=value parser (DPC)
\KV@toks@=\toks14
)
("C:\Program Files (x86)\MiKTeX 2.9\tex\latex\graphics\graphics.sty"
Package: graphics 2009/02/05 v1.0o Standard LaTeX Graphics (DPC,SPQR)

("C:\Program Files (x86)\MiKTeX 2.9\tex\latex\graphics\trig.sty"
Package: trig 1999/03/16 v1.09 sin cos tan (DPC)
)
("C:\Program Files (x86)\MiKTeX 2.9\tex\latex\00miktex\graphics.cfg"
File: graphics.cfg 2007/01/18 v1.5 graphics configuration of teTeX/TeXLive
)
Package graphics Info: Driver file: pdftex.def on input line 91.

("C:\Program Files (x86)\MiKTeX 2.9\tex\latex\pdftex-def\pdftex.def"
File: pdftex.def 2011/05/27 v0.06d Graphics/color for pdfTeX

("C:\Program Files (x86)\MiKTeX 2.9\tex\generic\oberdiek\infwarerr.sty"
Package: infwarerr 2010/04/08 v1.3 Providing info/warning/error messages (HO)
)
("C:\Program Files (x86)\MiKTeX 2.9\tex\generic\oberdiek\ltxcmds.sty"
Package: ltxcmds 2011/11/09 v1.22 LaTeX kernel commands for general use (HO)
)
\Gread@gobject=\count88
))
\Gin@req@height=\dimen103
\Gin@req@width=\dimen104
)
\epsfxsize=\dimen105
\epsfysize=\dimen106
)
(C:\Users\kevin.obrien\AppData\Roaming\MiKTeX\2.9\tex\latex\subfigure\subfigure
.sty
Package: subfigure 2002/07/30 v2.1.4 subfigure package
\subfigtopskip=\skip43
\subfigcapskip=\skip44
\subfigcaptopadj=\dimen107
\subfigbottomskip=\skip45
\subfigcapmargin=\dimen108
\subfiglabelskip=\skip46
\c@subfigure=\count89
\c@lofdepth=\count90
\c@subtable=\count91
\c@lotdepth=\count92

****************************************
* Local config file subfigure.cfg used *
****************************************

(C:\Users\kevin.obrien\AppData\Roaming\MiKTeX\2.9\tex\latex\subfigure\subfigure
.cfg)
\subfig@top=\skip47
\subfig@bottom=\skip48
) ("C:\Program Files (x86)\MiKTeX 2.9\tex\latex\amsfonts\amssymb.sty"
Package: amssymb 2013/01/14 v3.01 AMS font symbols

("C:\Program Files (x86)\MiKTeX 2.9\tex\latex\amsfonts\amsfonts.sty"
Package: amsfonts 2013/01/14 v3.01 Basic AMSFonts support
\@emptytoks=\toks15
\symAMSa=\mathgroup4
\symAMSb=\mathgroup5
LaTeX Font Info:    Overwriting math alphabet `\mathfrak' in version `bold'
(Font)                  U/euf/m/n --> U/euf/b/n on input line 106.
))
(C:\Users\kevin.obrien\AppData\Roaming\MiKTeX\2.9\tex\latex\subfiles\subfiles.s
ty
Package: subfiles 2012/05/23 Federico Garcia
 ("C:\Program Files (x86)\MiKTeX 2.9\tex\latex\tools\verbatim.sty"
Package: verbatim 2003/08/22 v1.5q LaTeX2e package for verbatim enhancements
\every@verbatim=\toks16
\verbatim@line=\toks17
\verbatim@in@stream=\read1
))
(C:\Users\kevin.obrien\AppData\Roaming\MiKTeX\2.9\tex\latex\framed\framed.sty
Package: framed 2011/10/22 v 0.96: framed or shaded text with page breaks
\OuterFrameSep=\skip49
\fb@frw=\dimen109
\fb@frh=\dimen110
\FrameRule=\dimen111
\FrameSep=\dimen112
)
("C:\Program Files (x86)\MiKTeX 2.9\tex\latex\amscls\amsthm.sty"
Package: amsthm 2004/08/06 v2.20
\thm@style=\toks18
\thm@bodyfont=\toks19
\thm@headfont=\toks20
\thm@notefont=\toks21
\thm@headpunct=\toks22
\thm@preskip=\skip50
\thm@postskip=\skip51
\thm@headsep=\skip52
\dth@everypar=\toks23
)
("C:\Program Files (x86)\MiKTeX 2.9\tex\latex\amsmath\amsmath.sty"
Package: amsmath 2013/01/14 v2.14 AMS math features
\@mathmargin=\skip53

For additional information on amsmath, use the `?' option.
("C:\Program Files (x86)\MiKTeX 2.9\tex\latex\amsmath\amstext.sty"
Package: amstext 2000/06/29 v2.01

("C:\Program Files (x86)\MiKTeX 2.9\tex\latex\amsmath\amsgen.sty"
File: amsgen.sty 1999/11/30 v2.0
\@emptytoks=\toks24
\ex@=\dimen113
))
("C:\Program Files (x86)\MiKTeX 2.9\tex\latex\amsmath\amsbsy.sty"
Package: amsbsy 1999/11/29 v1.2d
\pmbraise@=\dimen114
)
("C:\Program Files (x86)\MiKTeX 2.9\tex\latex\amsmath\amsopn.sty"
Package: amsopn 1999/12/14 v2.01 operator names
)
\inf@bad=\count93
LaTeX Info: Redefining \frac on input line 210.
\uproot@=\count94
\leftroot@=\count95
LaTeX Info: Redefining \overline on input line 306.
\classnum@=\count96
\DOTSCASE@=\count97
LaTeX Info: Redefining \ldots on input line 378.
LaTeX Info: Redefining \dots on input line 381.
LaTeX Info: Redefining \cdots on input line 466.
\Mathstrutbox@=\box26
\strutbox@=\box27
\big@size=\dimen115
LaTeX Font Info:    Redeclaring font encoding OML on input line 566.
LaTeX Font Info:    Redeclaring font encoding OMS on input line 567.
\macc@depth=\count98
\c@MaxMatrixCols=\count99
\dotsspace@=\muskip10
\c@parentequation=\count100
\dspbrk@lvl=\count101
\tag@help=\toks25
\row@=\count102
\column@=\count103
\maxfields@=\count104
\andhelp@=\toks26
\eqnshift@=\dimen116
\alignsep@=\dimen117
\tagshift@=\dimen118
\tagwidth@=\dimen119
\totwidth@=\dimen120
\lineht@=\dimen121
\@envbody=\toks27
\multlinegap=\skip54
\multlinetaggap=\skip55
\mathdisplay@stack=\toks28
LaTeX Info: Redefining \[ on input line 2665.
LaTeX Info: Redefining \] on input line 2666.
)
("C:\Program Files (x86)\MiKTeX 2.9\tex\latex\graphics\color.sty"
Package: color 2005/11/14 v1.0j Standard LaTeX Color (DPC)

("C:\Program Files (x86)\MiKTeX 2.9\tex\latex\00miktex\color.cfg"
File: color.cfg 2007/01/18 v1.5 color configuration of teTeX/TeXLive
)
Package color Info: Driver file: pdftex.def on input line 130.
)
(C:\Users\kevin.obrien\AppData\Roaming\MiKTeX\2.9\tex\latex\listings\listings.s
ty
\lst@mode=\count105
\lst@gtempboxa=\box28
\lst@token=\toks29
\lst@length=\count106
\lst@currlwidth=\dimen122
\lst@column=\count107
\lst@pos=\count108
\lst@lostspace=\dimen123
\lst@width=\dimen124
\lst@newlines=\count109
\lst@lineno=\count110
\lst@maxwidth=\dimen125

(C:\Users\kevin.obrien\AppData\Roaming\MiKTeX\2.9\tex\latex\listings\lstmisc.st
y
File: lstmisc.sty 2014/09/06 1.5e (Carsten Heinz)
\c@lstnumber=\count111
\lst@skipnumbers=\count112
\lst@framebox=\box29
)
(C:\Users\kevin.obrien\AppData\Roaming\MiKTeX\2.9\tex\latex\listings\listings.c
fg
File: listings.cfg 2014/09/06 1.5e listings configuration
))
Package: listings 2014/09/06 1.5e (Carsten Heinz)

(C:\Users\kevin.obrien\AppData\Roaming\MiKTeX\2.9\tex\latex\natbib\natbib.sty
Package: natbib 2010/09/13 8.31b (PWD, AO)
\bibhang=\skip56
\bibsep=\skip57
LaTeX Info: Redefining \cite on input line 694.
\c@NAT@ctr=\count113
)
(C:\Users\kevin.obrien\AppData\Roaming\MiKTeX\2.9\tex\latex\ieeepes\vmargin.sty
Package: vmargin 1999/06/01
Package `vmargin', V2.2, <1999/06/01>
\PaperWidth=\dimen126
\PaperHeight=\dimen127
)
\c@theorem=\count114
\c@axiom=\count115
\c@definition=\count116
\c@notation=\count117
\c@remark=\count118
\c@example=\count119
 (C:\Users\kevin.obrien\Documents\GitHub\MCS-MASTER\MCS-MASTER.aux

LaTeX Warning: Label `GrubbsBartko2' multiply defined.


LaTeX Warning: Label `u&beta:JointDensity' multiply defined.


LaTeX Warning: Label `Henderson:Criterion' multiply defined.


LaTeX Warning: Label `Henderson:Equations' multiply defined.


LaTeX Warning: Label `Likelihood:MarginalModel' multiply defined.


LaTeX Warning: Label `mle:beta:hat' multiply defined.

)
LaTeX Font Info:    Checking defaults for OML/cmm/m/it on input line 60.
LaTeX Font Info:    ... okay on input line 60.
LaTeX Font Info:    Checking defaults for T1/cmr/m/n on input line 60.
LaTeX Font Info:    ... okay on input line 60.
LaTeX Font Info:    Checking defaults for OT1/cmr/m/n on input line 60.
LaTeX Font Info:    ... okay on input line 60.
LaTeX Font Info:    Checking defaults for OMS/cmsy/m/n on input line 60.
LaTeX Font Info:    ... okay on input line 60.
LaTeX Font Info:    Checking defaults for OMX/cmex/m/n on input line 60.
LaTeX Font Info:    ... okay on input line 60.
LaTeX Font Info:    Checking defaults for U/cmr/m/n on input line 60.
LaTeX Font Info:    ... okay on input line 60.

(C:\Users\kevin.obrien\AppData\Roaming\MiKTeX\2.9\tex\context\base\supp-pdf.mki
i
[Loading MPS to PDF converter (version 2006.09.02).]
\scratchcounter=\count120
\scratchdimen=\dimen128
\scratchbox=\box30
\nofMPsegments=\count121
\nofMParguments=\count122
\everyMPshowfont=\toks30
\MPscratchCnt=\count123
\MPscratchDim=\dimen129
\MPnumerator=\count124
\makeMPintoPDFobject=\count125
\everyMPtoPDFconversion=\toks31
)
\c@lstlisting=\count126
 (C:\Users\kevin.obrien\Documents\GitHub\MCS-MASTER\MCS-MASTER.toc
LaTeX Font Info:    Try loading font information for U+msa on input line 2.

("C:\Program Files (x86)\MiKTeX 2.9\tex\latex\amsfonts\umsa.fd"
File: umsa.fd 2013/01/14 v3.01 AMS symbols A
)
LaTeX Font Info:    Try loading font information for U+msb on input line 2.

("C:\Program Files (x86)\MiKTeX 2.9\tex\latex\amsfonts\umsb.fd"
File: umsb.fd 2013/01/14 v3.01 AMS symbols B
) [1


{C:/Users/kevin.obrien/AppData/Local/MiKTeX/2.9/pdftex/config/pdftex.map}] [2] 
[3] [4]
[5] [6] [7] [8])
\tf@toc=\write3
 [9]
Chapter 1.
[10

] [11] [12] [13] [14] [15] [16]
Chapter 2.
[17

] <images/GrubbsScatter.jpeg, id=63, 655.44875pt x 655.44875pt>
File: images/GrubbsScatter.jpeg Graphic file (type jpg)

<use images/GrubbsScatter.jpeg>
Package pdftex.def Info: images/GrubbsScatter.jpeg used on input line 274.
(pdftex.def)             Requested size: 355.65944pt x 355.65727pt.
 [18 <C:/Users/kevin.obrien/Documents/GitHub/MCS-MASTER/images/GrubbsScatter.jp
eg>] [19] [20] [21]
<images/GrubbsBAplot-noLOA.jpeg, id=77, 655.44875pt x 655.44875pt>
File: images/GrubbsBAplot-noLOA.jpeg Graphic file (type jpg)

<use images/GrubbsBAplot-noLOA.jpeg>
Package pdftex.def Info: images/GrubbsBAplot-noLOA.jpeg used on input line 385.

(pdftex.def)             Requested size: 341.43306pt x 341.4354pt.

<images/GrubbsDataTwoBAplots.jpeg, id=78, 1027.84pt x 694.595pt>
File: images/GrubbsDataTwoBAplots.jpeg Graphic file (type jpg)

<use images/GrubbsDataTwoBAplots.jpeg>
Package pdftex.def Info: images/GrubbsDataTwoBAplots.jpeg used on input line 40
1.
(pdftex.def)             Requested size: 378.94606pt x 256.0748pt.


LaTeX Warning: `!h' float specifier changed to `!ht'.

[22 <C:/Users/kevin.obrien/Documents/GitHub/MCS-MASTER/images/GrubbsBAplot-noLO
A.jpeg>] [23 <C:/Users/kevin.obrien/Documents/GitHub/MCS-MASTER/images/GrubbsDa
taTwoBAplots.jpeg>] <images/BAFanEffect.jpeg, id=85, 1027.84pt x 694.595pt>
File: images/BAFanEffect.jpeg Graphic file (type jpg)

<use images/BAFanEffect.jpeg>
Package pdftex.def Info: images/BAFanEffect.jpeg used on input line 437.
(pdftex.def)             Requested size: 378.94606pt x 256.0748pt.

<images/PropBias.jpeg, id=86, 1027.84pt x 694.595pt>
File: images/PropBias.jpeg Graphic file (type jpg)

<use images/PropBias.jpeg>
Package pdftex.def Info: images/PropBias.jpeg used on input line 444.
(pdftex.def)             Requested size: 378.94606pt x 256.0748pt.


LaTeX Warning: `!h' float specifier changed to `!ht'.

<images/BAOutliers.jpeg, id=87, 1027.84pt x 694.595pt>
File: images/BAOutliers.jpeg Graphic file (type jpg)

<use images/BAOutliers.jpeg>
Package pdftex.def Info: images/BAOutliers.jpeg used on input line 451.
(pdftex.def)             Requested size: 355.65944pt x 240.34564pt.


LaTeX Warning: `!h' float specifier changed to `!ht'.

[24 <C:/Users/kevin.obrien/Documents/GitHub/MCS-MASTER/images/BAFanEffect.jpeg>
]

LaTeX Warning: Text page 25 contains only floats.


Overfull \vbox (0.62645pt too high) has occurred while \output is active []


[25 <C:/Users/kevin.obrien/Documents/GitHub/MCS-MASTER/images/PropBias.jpeg> <C
:/Users/kevin.obrien/Documents/GitHub/MCS-MASTER/images/BAOutliers.jpeg>]
<images/GrubbsBartko.jpeg, id=95, 1027.84pt x 694.595pt>
File: images/GrubbsBartko.jpeg Graphic file (type jpg)

<use images/GrubbsBartko.jpeg>
Package pdftex.def Info: images/GrubbsBartko.jpeg used on input line 496.
(pdftex.def)             Requested size: 369.88582pt x 249.95862pt.


LaTeX Warning: `!h' float specifier changed to `!ht'.

[26] <images/GrubbsBartko2.jpeg, id=99, 1027.84pt x 694.595pt>
File: images/GrubbsBartko2.jpeg Graphic file (type jpg)

<use images/GrubbsBartko2.jpeg>
Package pdftex.def Info: images/GrubbsBartko2.jpeg used on input line 513.
(pdftex.def)             Requested size: 369.88582pt x 249.95862pt.


LaTeX Warning: `!h' float specifier changed to `!ht'.

[27 <C:/Users/kevin.obrien/Documents/GitHub/MCS-MASTER/images/GrubbsBartko.jpeg
>] [28 <C:/Users/kevin.obrien/Documents/GitHub/MCS-MASTER/images/GrubbsBartko2.
jpeg>] <images/GrubbsBAplot-LOA.jpeg, id=108, 1027.84pt x 694.595pt>
File: images/GrubbsBAplot-LOA.jpeg Graphic file (type jpg)

<use images/GrubbsBAplot-LOA.jpeg>
Package pdftex.def Info: images/GrubbsBAplot-LOA.jpeg used on input line 608.
(pdftex.def)             Requested size: 355.65944pt x 240.34564pt.


LaTeX Warning: `!h' float specifier changed to `!ht'.

[29] [30 <C:/Users/kevin.obrien/Documents/GitHub/MCS-MASTER/images/GrubbsBAplot
-LOA.jpeg>] [31] <EAD-UV.jpg, id=119, 556.32843pt x 581.92406pt>
File: EAD-UV.jpg Graphic file (type jpg)

<use EAD-UV.jpg>
Package pdftex.def Info: EAD-UV.jpg used on input line 804.
(pdftex.def)             Requested size: 308.71104pt x 322.9184pt.
 [32] <images/EAD1.jpeg, id=123, 668.4975pt x 667.49374pt>
File: images/EAD1.jpeg Graphic file (type jpg)

<use images/EAD1.jpeg>
Package pdftex.def Info: images/EAD1.jpeg used on input line 812.
(pdftex.def)             Requested size: 308.71104pt x 308.2527pt.
 [33] [34 <C:/Users/kevin.obrien/Documents/GitHub/MCS-MASTER/EAD-UV.jpg>] [35 <
C:/Users/kevin.obrien/Documents/GitHub/MCS-MASTER/images/EAD1.jpeg>] [36]

Package natbib Warning: Citation `kikozak2014including' on page 37 undefined on
 input line 885.

[37] [38] [39]
File: images/GrubbsBartko.jpeg Graphic file (type jpg)
 <use images/GrubbsBartko.jpeg>
Package pdftex.def Info: images/GrubbsBartko.jpeg used on input line 957.
(pdftex.def)             Requested size: 369.88582pt x 249.95862pt.
 [40] [41]
File: images/GrubbsBartko2.jpeg Graphic file (type jpg)

<use images/GrubbsBartko2.jpeg>
Package pdftex.def Info: images/GrubbsBartko2.jpeg used on input line 995.
(pdftex.def)             Requested size: 369.88582pt x 249.95862pt.
 [42] [43] [44]

Package natbib Warning: Citation `Kinsella' on page 45 undefined on input line 
1073.


Package natbib Warning: Citation `Kinsella' on page 45 undefined on input line 
1074.


Package natbib Warning: Citation `Kinsella' on page 45 undefined on input line 
1095.

[45]

Package natbib Warning: Citation `Kinsella' on page 46 undefined on input line 
1134.

[46] [47]
Underfull \hbox (badness 10000) in paragraph at lines 1230--1232

 []

[48] [49]

Package natbib Warning: Citation `DunnSEME' on page 50 undefined on input line 
1298.


Package natbib Warning: Citation `DunnSEME' on page 50 undefined on input line 
1300.

[50]
Underfull \hbox (badness 10000) in paragraph at lines 1376--1378

 []

LaTeX Font Info:    Try loading font information for OMS+cmr on input line 1382
.
("C:\Program Files (x86)\MiKTeX 2.9\tex\latex\base\omscmr.fd"
File: omscmr.fd 1999/05/25 v2.5h Standard LaTeX font definitions
)
LaTeX Font Info:    Font shape `OMS/cmr/m/n' in size <12> not available
(Font)              Font shape `OMS/cmsy/m/n' tried instead on input line 1382.

 [51] [52]
[53] [54] [55] <images/ZhangDeming.jpeg, id=200, 560.0925pt x 559.08875pt>
File: images/ZhangDeming.jpeg Graphic file (type jpg)

<use images/ZhangDeming.jpeg>
Package pdftex.def Info: images/ZhangDeming.jpeg used on input line 1536.
(pdftex.def)             Requested size: 369.88582pt x 369.23857pt.


LaTeX Warning: `!h' float specifier changed to `!ht'.

[56] [57 <C:/Users/kevin.obrien/Documents/GitHub/MCS-MASTER/images/ZhangDeming.
jpeg>]

Package natbib Warning: Citation `DunnSEME' on page 58 undefined on input line 
1581.


Package natbib Warning: Citation `DunnSEME' on page 58 undefined on input line 
1587.


Package natbib Warning: Citation `DunnSEME' on page 58 undefined on input line 
1601.

[58] [59] [60] [61] [62]

Package natbib Warning: Citation `barnhart' on page 63 undefined on input line 
1700.

[63] [64]
Missing character: There is no — in font cmr12!
 [65] [66] [67]
Chapter 3.
[68

] [69] [70]

Package natbib Warning: Citation `Henderson1963' on page 71 undefined on input 
line 1951.

[71] [72] [73] [74] [75] [76] [77] [78] [79] [80] [81] [82] [83] [84] [85]
Missing character: There is no ’ in font cmr12!

[86]
Overfull \hbox (11.50177pt too wide) in paragraph at lines 2359--2360
\OT1/cmr/m/n/12 ad-di-tional terms, are found to be con-sis-tent with the `in-t
er-ac-tion' model; $(\OMS/cmsy/m/n/12  \OT1/cmr/m/n/12 9\OML/cmm/m/it/12 :\OT1/
cmr/m/n/12 562\OML/cmm/m/it/12 ; \OT1/cmr/m/n/12 14\OML/cmm/m/it/12 :\OT1/cmr/m
/n/12 504)$.
 []

[87] [88]
Chapter 4.
[89

] [90]

Package natbib Warning: Citation `schab' on page 91 undefined on input line 243
0.


Package natbib Warning: Citation `CPJ' on page 91 undefined on input line 2430.


[91]
Underfull \hbox (badness 10000) in paragraph at lines 2479--2480

 []


Overfull \hbox (11.1078pt too wide) in paragraph at lines 2484--2484
[]\OT1/cmr/bx/n/17.28 Introduction to LME Mod-els, Fit-ting LME Mod-
 []


Overfull \hbox (5.18182pt too wide) in paragraph at lines 2490--2491
[]\OT1/cmr/m/n/12 Due to com-pu-ta-tion com-plex-ity, lin-ear mixed ef-fects mo
d-els have not seen widespread
 []

[92]

Package natbib Warning: Citation `barnhart' on page 93 undefined on input line 
2519.

[93]

Package natbib Warning: Citation `barnhart' on page 94 undefined on input line 
2523.


Package natbib Warning: Citation `barnhart' on page 94 undefined on input line 
2531.

[94] [95]
Overfull \hbox (6.25198pt too wide) in paragraph at lines 2609--2609
[]\OT1/cmr/bx/n/17.28 Sampling Scheme : Linked and Un-linked Repli-
 []

[96] [97] [98] [99] [100] [101] [102] [103] [104] [105]

Package natbib Warning: Citation `Henderson1963' on page 106 undefined on input
 line 2916.

[106] [107] [108]

Package natbib Warning: Citation `Lam' on page 109 undefined on input line 2991
.

[109] [110] [111]

Package natbib Warning: Citation `Lam' on page 112 undefined on input line 3080
.

[112] [113] [114]
Chapter 5.
[115

] [116] [117]
Chapter 6.
[118

] [119]

Package natbib Warning: Citation `Roy' on page 120 undefined on input line 3262
.

[120] [121] [122] [123] [124] [125] [126] [127] [128]

Package natbib Warning: Citation `Lam' on page 129 undefined on input line 3528
.

[129] [130] [131] [132] [133] [134] [135] [136]
Chapter 7.
[137

] [138] [139] [140] [141] [142] [143] [144] [145] [146] [147]
Chapter 8.
[148

] [149] [150]
Chapter 9.
[151

] [152]

Package natbib Warning: Citation `pb' on page 153 undefined on input line 4340.



Overfull \hbox (21.20007pt too wide) in paragraph at lines 4357--4357
[]\OT1/cmr/bx/n/17.28 Statistical As-sump-tions for Like-li-hood Ra-tio Tests 
 []


Package natbib Warning: Citation `pb' on page 153 undefined on input line 4360.


[153]

Package natbib Warning: Citation `pb' on page 154 undefined on input line 4366.


[154] [155] [156] [157]

Package natbib Warning: Citation `pb' on page 158 undefined on input line 4521.


[158]

Package natbib Warning: Citation `pb' on page 159 undefined on input line 4536.



Package natbib Warning: Citation `pb' on page 159 undefined on input line 4545.



Package natbib Warning: Citation `pb' on page 159 undefined on input line 4547.


[159] [160]
Chapter 10.
[161

]
Missing character: There is no – in font cmr12!
 [162] [163] [164] [165] [166]

Package natbib Warning: Citation `bxc2010' on page 167 undefined on input line 
4762.


Underfull \hbox (badness 10000) in paragraph at lines 4784--4786

 []


Overfull \hbox (23.53012pt too wide) in paragraph at lines 4797--4797
[]\OT1/cmr/bx/n/17.28 BXC2008 presents - Carstensen's Lim-its of agree-
 []

[167] [168] [169]

Package natbib Warning: Citation `barnhart' on page 170 undefined on input line
 4887.


Package natbib Warning: Citation `bxc2008' on page 170 undefined on input line 
4887.


Package natbib Warning: Citation `bxc2008' on page 170 undefined on input line 
4891.


Package natbib Warning: Citation `bxc2008' on page 170 undefined on input line 
4895.


Package natbib Warning: Citation `bxc2008' on page 170 undefined on input line 
4897.

[170]

Package natbib Warning: Citation `Roy' on page 171 undefined on input line 4899
.


Package natbib Warning: Citation `bxc' on page 171 undefined on input line 4902
.

[171] [172] [173]
Overfull \hbox (5.26933pt too wide) in paragraph at lines 5052--5055
\OT1/cmr/m/n/12 In the pre-sented ex-am-ple, it is shown that Roy's LoAs are lo
wer than those of Carstensen. 
 []

[174] [175] [176]
Missing character: There is no — in font cmti12!
 [177]
Overfull \hbox (4.82071pt too wide) in paragraph at lines 5200--5203
[]\OT1/cmr/m/n/12 Another im-por-tant point is that there is no co-vari-ance te
rms, so fur-ther to Carstensen
 []

[178]

Package natbib Warning: Citation `bxc2008' on page 179 undefined on input line 
5274.

[179]

Package natbib Warning: Citation `DunnSEME' on page 180 undefined on input line
 5295.

[180] [181] [182]
Chapter 11.
[183

] [184]
Underfull \hbox (badness 10000) in paragraph at lines 5383--5384

 []


Underfull \hbox (badness 10000) in paragraph at lines 5394--5397

 []

[185]
Underfull \hbox (badness 10000) in paragraph at lines 5410--5412

 []


Underfull \hbox (badness 10000) in paragraph at lines 5422--5424

 []

[186] [187] [188] [189] [190]

Package natbib Warning: Citation `Roy2009' on page 191 undefined on input line 
5506.

[191]

Package natbib Warning: Citation `Shiao' on page 192 undefined on input line 55
61.

[192] [193] [194] [195]
Missing character: There is no ï in font cmr12!
 [196] [197]
Overfull \hbox (145.88255pt too wide) in paragraph at lines 5760--5760
[]\OT1/cmtt/m/n/12 > testB    = anova(Ref.Fit,NMB.fit)                         
 # Between-Subject Variabilities[] 
 []


Overfull \hbox (121.18254pt too wide) in paragraph at lines 5761--5761
[]\OT1/cmtt/m/n/12 > testW   = anova(Ref.Fit,NMW.fit)                        # 
Within-Subject Variabilities[] 
 []


Overfull \hbox (90.30753pt too wide) in paragraph at lines 5762--5762
[]\OT1/cmtt/m/n/12 > testO     = anova(Ref.Fit,NMO.fit)                        
# Overall Variabilities[] 
 []

[198] [199] [200] [201]

Package natbib Warning: Citation `Roy2006' on page 202 undefined on input line 
5837.


Package natbib Warning: Citation `bxc2008' on page 202 undefined on input line 
5855.

[202]
Missing character: There is no ’ in font cmr12!
 [203]
Overfull \hbox (11.50177pt too wide) in paragraph at lines 5884--5893
\OT1/cmr/m/n/12 ad-di-tional terms, are found to be con-sis-tent with the `in-t
er-ac-tion' model; $(\OMS/cmsy/m/n/12  \OT1/cmr/m/n/12 9\OML/cmm/m/it/12 :\OT1/
cmr/m/n/12 562\OML/cmm/m/it/12 ; \OT1/cmr/m/n/12 14\OML/cmm/m/it/12 :\OT1/cmr/m
/n/12 504)$.
 []

[204] [205] [206]
Missing character: There is no ’ in font cmr12!

Overfull \hbox (11.50177pt too wide) in paragraph at lines 5925--5934
\OT1/cmr/m/n/12 ad-di-tional terms, are found to be con-sis-tent with the `in-t
er-ac-tion' model; $(\OMS/cmsy/m/n/12  \OT1/cmr/m/n/12 9\OML/cmm/m/it/12 :\OT1/
cmr/m/n/12 562\OML/cmm/m/it/12 ; \OT1/cmr/m/n/12 14\OML/cmm/m/it/12 :\OT1/cmr/m
/n/12 504)$.
 []

[207] [208]
Missing character: There is no ’ in font cmr12!

Overfull \hbox (11.50177pt too wide) in paragraph at lines 5966--5967
\OT1/cmr/m/n/12 ad-di-tional terms, are found to be con-sis-tent with the `in-t
er-ac-tion' model; $(\OMS/cmsy/m/n/12  \OT1/cmr/m/n/12 9\OML/cmm/m/it/12 :\OT1/
cmr/m/n/12 562\OML/cmm/m/it/12 ; \OT1/cmr/m/n/12 14\OML/cmm/m/it/12 :\OT1/cmr/m
/n/12 504)$.
 []

[209]

Package natbib Warning: Citation `bxc2008' on page 210 undefined on input line 
5992.

[210] [211] [212] [213] [214]

Package natbib Warning: Citation `Roy' on page 215 undefined on input line 6123
.

[215] [216] [217] [218] [219] [220] [221] [222] [223] [224] [225] [226]
[227] [228] [229] [230] [231] [232] [233] [234] [235] [236] [237] [238]
[239] [240] [241]
LaTeX Font Info:    Font shape `OT1/cmtt/bx/n' in size <17.28> not available
(Font)              Font shape `OT1/cmtt/m/n' tried instead on input line 6907.

 [242]
Underfull \hbox (badness 10000) in paragraph at lines 6914--6915

 []


Underfull \hbox (badness 10000) in paragraph at lines 6924--6927

 []

[243]
Underfull \hbox (badness 10000) in paragraph at lines 6938--6940

 []


Underfull \hbox (badness 10000) in paragraph at lines 6950--6952

 []

[244] [245]
Chapter 12.
[246

]

Package amsmath Warning: Foreign command \over;
(amsmath)                \frac or \genfrac should be used instead
(amsmath)                 on input line 6995.

[247] [248] [249]
Overfull \hbox (3.85748pt too wide) in paragraph at lines 7062--7062
[]\OT1/cmtt/m/n/12 plot(JS.roy1.dfbeta$all.res1[1:255],JS.roy1.dfbeta$all.res2[
256:510],[] 
 []

<images/dfbetas-JS-ROY.jpg, id=820, 531.48563pt x 319.1925pt>
File: images/dfbetas-JS-ROY.jpg Graphic file (type jpg)

<use images/dfbetas-JS-ROY.jpg>
Package pdftex.def Info: images/dfbetas-JS-ROY.jpg used on input line 7070.
(pdftex.def)             Requested size: 308.71104pt x 185.40451pt.


Package natbib Warning: Citation `CPJ' on page 250 undefined on input line 7087
.

[250] [251 <C:/Users/kevin.obrien/Documents/GitHub/MCS-MASTER/images/dfbetas-JS
-ROY.jpg>] [252] [253]
<images/04-DFbetaplots.jpg, id=834, 570.63188pt x 376.40625pt>
File: images/04-DFbetaplots.jpg Graphic file (type jpg)

<use images/04-DFbetaplots.jpg>
Package pdftex.def Info: images/04-DFbetaplots.jpg used on input line 7134.
(pdftex.def)             Requested size: 396.91324pt x 261.81696pt.
 [254 <C:/Users/kevin.obrien/Documents/GitHub/MCS-MASTER/images/04-DFbetaplots.
jpg>]
<images/04-TMDplot.jpg, id=838, 562.35094pt x 392.21532pt>
File: images/04-TMDplot.jpg Graphic file (type jpg)

<use images/04-TMDplot.jpg>
Package pdftex.def Info: images/04-TMDplot.jpg used on input line 7159.
(pdftex.def)             Requested size: 308.71104pt x 215.31212pt.


LaTeX Warning: `h' float specifier changed to `ht'.

[255] [256 <C:/Users/kevin.obrien/Documents/GitHub/MCS-MASTER/images/04-TMDplot
.jpg>]
<images/CooksDistancePlot-JS-Roy.jpg, id=845, 532.23843pt x 362.10281pt>
File: images/CooksDistancePlot-JS-Roy.jpg Graphic file (type jpg)

<use images/CooksDistancePlot-JS-Roy.jpg>
Package pdftex.def Info: images/CooksDistancePlot-JS-Roy.jpg used on input line
 7210.
(pdftex.def)             Requested size: 308.71104pt x 210.03082pt.


LaTeX Warning: `!h' float specifier changed to `!ht'.

<images/LogLik-JS-Roy.jpg, id=846, 526.21594pt x 316.18124pt>
File: images/LogLik-JS-Roy.jpg Graphic file (type jpg)

<use images/LogLik-JS-Roy.jpg>
Package pdftex.def Info: images/LogLik-JS-Roy.jpg used on input line 7217.
(pdftex.def)             Requested size: 308.71104pt x 185.49838pt.


LaTeX Warning: `!h' float specifier changed to `!ht'.

<images/Residuals-JS-Roy.jpg, id=847, 634.62094pt x 429.85594pt>
File: images/Residuals-JS-Roy.jpg Graphic file (type jpg)

<use images/Residuals-JS-Roy.jpg>
Package pdftex.def Info: images/Residuals-JS-Roy.jpg used on input line 7225.
(pdftex.def)             Requested size: 308.71104pt x 209.10954pt.


LaTeX Warning: `!h' float specifier changed to `!ht'.

[257] [258 <C:/Users/kevin.obrien/Documents/GitHub/MCS-MASTER/images/CooksDista
ncePlot-JS-Roy.jpg> <C:/Users/kevin.obrien/Documents/GitHub/MCS-MASTER/images/L
ogLik-JS-Roy.jpg>] [259 <C:/Users/kevin.obrien/Documents/GitHub/MCS-MASTER/imag
es/Residuals-JS-Roy.jpg>] [260]

Package natbib Warning: Citation `Christiansen' on page 261 undefined on input 
line 7280.


Package natbib Warning: Citation `Christiansen' on page 261 undefined on input 
line 7282.

[261] [262] [263] [264] [265]
Chapter 13.

Package natbib Warning: Citation `pkc' on page 266 undefined on input line 7342
.

[266

] [267] [268] [269] [270]
Missing character: There is no ” in font cmr12!
 [271]
(C:\Users\kevin.obrien\Documents\GitHub\MCS-MASTER\MCS-MASTER.bbl
Missing character: There is no – in font cmr12!
 [272

]
Missing character: There is no – in font cmr12!
Missing character: There is no ö in font cmr12!

[273]
Missing character: There is no – in font cmr12!
Missing character: There is no – in font cmr12!
 [274]
Missing character: There is no – in font cmr12!
Missing character: There is no – in font cmr12!
Missing character: There is no – in font cmr12!
Missing character: There is no – in font cmr12!
 [275]
Missing character: There is no – in font cmr12!
 [276]
Missing character: There is no – in font cmr12!
Missing character: There is no – in font cmr12!
Missing character: There is no – in font cmr12!
 [277]
Missing character: There is no – in font cmr12!
Missing character: There is no – in font cmr12!
Missing character: There is no – in font cmr12!
Missing character: There is no — in font cmr12!
 [278]
Missing character: There is no – in font cmr12!
)

Package natbib Warning: There were undefined citations.

[279] (C:\Users\kevin.obrien\Documents\GitHub\MCS-MASTER\MCS-MASTER.aux)

LaTeX Warning: There were multiply-defined labels.

 ) 
Here is how much of TeX's memory you used:
 4494 strings out of 493921
 61827 string characters out of 3144855
 125165 words of memory out of 3000000
 7702 multiletter control sequences out of 15000+200000
 14975 words of font info for 54 fonts, out of 3000000 for 9000
 841 hyphenation exceptions out of 8191
 34i,12n,32p,1774b,362s stack positions out of 5000i,500n,10000p,200000b,50000s
<C:/Program Files (x86)/MiKTeX 2.9/fonts/type1/public/amsfonts/cm/cmbx12.pfb>
<C:/Program Files (x86)/MiKTeX 2.9/fonts/type1/public/amsfonts/cm/cmbx8.pfb><C:
/Program Files (x86)/MiKTeX 2.9/fonts/type1/public/amsfonts/cm/cmbxti10.pfb><C:
/Program Files (x86)/MiKTeX 2.9/fonts/type1/public/amsfonts/cm/cmex10.pfb><C:/P
rogram Files (x86)/MiKTeX 2.9/fonts/type1/public/amsfonts/cm/cmmi12.pfb><C:/Pro
gram Files (x86)/MiKTeX 2.9/fonts/type1/public/amsfonts/cm/cmmi6.pfb><C:/Progra
m Files (x86)/MiKTeX 2.9/fonts/type1/public/amsfonts/cm/cmmi8.pfb><C:/Program F
iles (x86)/MiKTeX 2.9/fonts/type1/public/amsfonts/cm/cmmib10.pfb><C:/Program Fi
les (x86)/MiKTeX 2.9/fonts/type1/public/amsfonts/cmextra/cmmib6.pfb><C:/Program
 Files (x86)/MiKTeX 2.9/fonts/type1/public/amsfonts/cmextra/cmmib8.pfb><C:/Prog
ram Files (x86)/MiKTeX 2.9/fonts/type1/public/amsfonts/cm/cmr12.pfb><C:/Program
 Files (x86)/MiKTeX 2.9/fonts/type1/public/amsfonts/cm/cmr6.pfb><C:/Program Fil
es (x86)/MiKTeX 2.9/fonts/type1/public/amsfonts/cm/cmr8.pfb><C:/Program Files (
x86)/MiKTeX 2.9/fonts/type1/public/amsfonts/cm/cmsy10.pfb><C:/Program Files (x8
6)/MiKTeX 2.9/fonts/type1/public/amsfonts/cm/cmsy6.pfb><C:/Program Files (x86)/
MiKTeX 2.9/fonts/type1/public/amsfonts/cm/cmsy8.pfb><C:/Program Files (x86)/MiK
TeX 2.9/fonts/type1/public/amsfonts/cm/cmti12.pfb><C:/Program Files (x86)/MiKTe
X 2.9/fonts/type1/public/amsfonts/cm/cmtt12.pfb>
Output written on MCS-MASTER.pdf (279 pages, 1981899 bytes).
PDF statistics:
 987 PDF objects out of 1000 (max. 8388607)
 0 named destinations out of 1000 (max. 500000)
 91 words of extra memory for PDF output out of 10000 (max. 10000000)

